build/app/outputs/mapping/release/mapping.txt
# compiler: R8
# compiler_version: 1.5.64
# min_api: 16
# pg_map_id: 4cc511b
com.example.flutter_example_app.MainActivity -> com.example.flutter_example_app.MainActivity:
    void configureFlutterEngine(io.flutter.embedding.engine.FlutterEngine) -> a
...
io.flutter.embedding.engine.plugins.activity.ActivityPluginBinding -> io.flutter.embedding.engine.g.c.c:
io.flutter.embedding.engine.plugins.activity.ActivityPluginBinding$OnSaveInstanceStateListener -> io.flutter.embedding.engine.g.c.c$a:
    void onRestoreInstanceState(android.os.Bundle) -> a
    void onSaveInstanceState(android.os.Bundle) -> b
io.flutter.embedding.engine.plugins.broadcastreceiver.BroadcastReceiverAware -> io.flutter.embedding.engine.g.d.a:
    void onDetachedFromBroadcastReceiver() -> a
io.flutter.embedding.engine.plugins.broadcastreceiver.BroadcastReceiverControlSurface -> io.flutter.embedding.engine.g.d.b:
io.flutter.embedding.engine.plugins.contentprovider.ContentProviderAware -> io.flutter.embedding.engine.g.e.a:
    void onDetachedFromContentProvider() -> a
io.flutter.embedding.engine.plugins.contentprovider.ContentProviderControlSurface -> io.flutter.embedding.engine.g.e.b:
io.flutter.embedding.engine.plugins.service.ServiceAware -> io.flutter.embedding.engine.g.f.a:
    void onDetachedFromService() -> a
io.flutter.embedding.engine.plugins.service.ServiceControlSurface -> io.flutter.embedding.engine.g.f.b:
io.flutter.embedding.engine.renderer.FlutterRenderer -> io.flutter.embedding.engine.h.a:
    io.flutter.embedding.engine.FlutterJNI flutterJNI -> a
    java.util.concurrent.atomic.AtomicLong nextTextureId -> b
    android.view.Surface surface -> c
    io.flutter.embedding.engine.renderer.FlutterUiDisplayListener flutterUiDisplayListener -> e
    boolean isDisplayingFlutterUi -> d
    boolean access$002(io.flutter.embedding.engine.renderer.FlutterRenderer,boolean) -> a
    void access$300(io.flutter.embedding.engine.renderer.FlutterRenderer,long) -> a
    void addIsDisplayingFlutterUiListener(io.flutter.embedding.engine.renderer.FlutterUiDisplayListener) -> a
    io.flutter.view.TextureRegistry$SurfaceTextureEntry createSurfaceTexture() -> a
    void dispatchPointerDataPacket(java.nio.ByteBuffer,int) -> a
    void markTextureFrameAvailable(long) -> a
    void registerTexture(long,android.graphics.SurfaceTexture) -> a
    void setSemanticsEnabled(boolean) -> a
    void setViewportMetrics(io.flutter.embedding.engine.renderer.FlutterRenderer$ViewportMetrics) -> a
    void startRenderingToSurface(android.view.Surface) -> a
    void surfaceChanged(int,int) -> a
    void access$400(io.flutter.embedding.engine.renderer.FlutterRenderer,long) -> b
    boolean isDisplayingFlutterUi() -> b
    void removeIsDisplayingFlutterUiListener(io.flutter.embedding.engine.renderer.FlutterUiDisplayListener) -> b
    void unregisterTexture(long) -> b
    boolean isSoftwareRenderingEnabled() -> c
io.flutter.embedding.engine.renderer.FlutterRenderer$1 -> io.flutter.embedding.engine.h.a$a:
    io.flutter.embedding.engine.renderer.FlutterRenderer this$0 -> a
    void onFlutterUiDisplayed() -> a
    void onFlutterUiNoLongerDisplayed() -> b
io.flutter.embedding.engine.renderer.FlutterRenderer$SurfaceTextureRegistryEntry -> io.flutter.embedding.engine.h.a$b:
    io.flutter.embedding.engine.renderer.FlutterRenderer this$0 -> e
    android.graphics.SurfaceTexture surfaceTexture -> b
    android.graphics.SurfaceTexture$OnFrameAvailableListener onFrameListener -> d
    long id -> a
    boolean released -> c
    boolean access$100(io.flutter.embedding.engine.renderer.FlutterRenderer$SurfaceTextureRegistryEntry) -> a
    void release() -> a
    long access$200(io.flutter.embedding.engine.renderer.FlutterRenderer$SurfaceTextureRegistryEntry) -> b
    long id() -> b
    android.graphics.SurfaceTexture surfaceTexture() -> c
io.flutter.embedding.engine.renderer.FlutterRenderer$SurfaceTextureRegistryEntry$1 -> io.flutter.embedding.engine.h.a$b$a:
    io.flutter.embedding.engine.renderer.FlutterRenderer$SurfaceTextureRegistryEntry this$1 -> a